--- PASS: TestIntegration_CompleteResultWorkflow (0.00s)
--- PASS: TestIntegration_MultipleResultTypesCoexist (0.00s)
--- PASS: TestIntegration_NoDuplicateResultTagEnum (0.00s)
--- PASS: TestIntegration_ClearAndReuse (0.00s)
--- PASS: TestIntegration_ContextNotInitialized (0.00s)
--- PASS: TestEdgeCase_PluginName (0.00s)
--- PASS: TestEdgeCase_GetTypeNameWithComplexExpressions (0.00s)
--- PASS: TestEdgeCase_TypeToASTVariations (0.00s)
--- PASS: TestEdgeCase_InferTypeFromExprEdgeCases (0.00s)
--- PASS: TestEdgeCase_EmptyPendingDeclarations (0.00s)
--- PASS: TestEdgeCase_ProcessNonResultTypes (0.00s)
--- PASS: TestEdgeCase_ConstructorWithMultipleArgs (0.00s)
--- PASS: TestEdgeCase_ResultTagConstValues (0.00s)
--- PASS: TestInferType_BasicLiterals (0.00s)
--- PASS: TestInferType_BuiltinIdents (0.00s)
--- PASS: TestInferType_PointerExpression (0.00s)
--- PASS: TestInferType_NilExpression (0.00s)
--- PASS: TestInferType_UnsupportedExpression (0.00s)
--- PASS: TestTypeToString_BasicTypes (0.00s)
--- PASS: TestTypeToString_UntypedConstants (0.00s)
--- PASS: TestTypeToString_CompositeTypes (0.00s)
--- PASS: TestTypeToString_EmptyInterface (0.00s)
--- PASS: TestTypeToString_NestedPointers (0.00s)
--- PASS: TestTypeToString_NilType (0.00s)
--- PASS: TestInferType_WithGoTypes (0.00s)
--- PASS: TestSetTypesInfo (0.00s)
--- PASS: TestInferType_FallbackWithoutGoTypes (0.00s)
--- PASS: TestInferType_PartialGoTypesInfo (0.00s)
--- PASS: TestInferType_EmptyTypesInfo (0.00s)
--- PASS: TestTypeToString_ComplexSignature (0.00s)
--- PASS: TestInferType_InvalidToken (0.00s)
PASS
ok  	github.com/MadAppGang/dingo/pkg/plugin/builtin	(cached)
--- PASS: TestDefaultConfig (0.00s)
--- PASS: TestValidateMultiValueReturnMode (0.00s)
--- PASS: TestConfigFullMode_MultiValueReturns (0.00s)
--- PASS: TestConfigSingleMode_MultiValueReturns (0.00s)
--- PASS: TestConfigSingleMode_TwoValueReturns (0.00s)
--- PASS: TestConfigSingleMode_ReturnStatement (0.00s)
--- PASS: TestConfigNilDefault (0.00s)
--- PASS: TestConfigFullMode_ComplexCase (0.00s)
--- PASS: TestConfigSingleMode_AssignmentAllowed (0.00s)
--- PASS: TestEnumProcessor_SimpleEnum (0.00s)
--- PASS: TestEnumProcessor_StructVariant (0.00s)
--- PASS: TestEnumProcessor_GenericEnum (0.00s)
--- PASS: TestEnumProcessor_MultipleEnums (0.00s)
--- PASS: TestEnumProcessor_NoEnums (0.00s)
--- PASS: TestEnumProcessor_WithComments (0.00s)
--- PASS: TestEnumProcessor_ComplexTypes (0.00s)
--- PASS: TestEnumProcessor_EdgeCases (0.00s)
--- PASS: TestImportInjectionEdgeCases (0.00s)
--- PASS: TestErrorPropagationBasic (0.00s)
--- PASS: TestIMPORTANT1_ErrorMessageEscaping (0.00s)
--- PASS: TestIMPORTANT2_TypeAnnotationEnhancement (0.00s)
--- PASS: TestGeminiCodeReviewFixes (0.00s)
--- PASS: TestSourceMapGeneration (0.00s)
--- PASS: TestSourceMapMultipleExpansions (0.00s)
--- PASS: TestAutomaticImportDetection (0.00s)
--- PASS: TestSourceMappingWithImports (0.00s)
--- PASS: TestCRITICAL2_MultiValueReturnHandling (0.00s)
--- PASS: TestCRITICAL2_MultiValueReturnWithMessage (0.00s)
--- PASS: TestCRITICAL1_MappingsBeforeImportsNotShifted (0.00s)
--- PASS: TestSourceMapOffsetBeforeImports (0.00s)
--- PASS: TestMultiValueReturnEdgeCases (0.00s)
--- PASS: TestIMPORTANT1_UserDefinedFunctionsDontTriggerImports (0.00s)
--- FAIL: TestConfigSingleValueReturnModeEnforcement (0.00s)
--- PASS: TestUserFunctionShadowingNoImport (0.00s)
--- FAIL: TestRustMatchProcessor_SimpleResult (0.00s)
--- FAIL: TestRustMatchProcessor_SimpleOption (0.00s)
--- FAIL: TestRustMatchProcessor_Wildcard (0.00s)
--- PASS: TestRustMatchProcessor_MultipleMatches (0.00s)
--- PASS: TestRustMatchProcessor_NoMatch (0.00s)
--- FAIL: TestRustMatchProcessor_MultilineMatch (0.00s)
--- PASS: TestRustMatchProcessor_ComplexExpression (0.00s)
--- PASS: TestRustMatchProcessor_GetNeededImports (0.00s)
--- PASS: TestRustMatchProcessor_Name (0.00s)
--- PASS: TestRustMatchProcessor_ParseArms (0.00s)
--- PASS: TestRustMatchProcessor_GetTagName (0.00s)
--- PASS: TestRustMatchProcessor_GenerateBinding (0.00s)
FAIL
FAIL	github.com/MadAppGang/dingo/pkg/preprocessor	0.199s
--- PASS: TestNewGenerator (0.00s)
--- PASS: TestAddMapping (0.00s)
--- PASS: TestAddMappingWithName (0.00s)
--- PASS: TestMultipleMappings (0.00s)
--- PASS: TestCollectNames (0.00s)
--- PASS: TestGenerateSourceMap (0.00s)
--- PASS: TestGenerateInline (0.00s)
--- PASS: TestGenerateEmpty (0.00s)
--- SKIP: TestConsumerCreation (0.00s)
--- PASS: TestConsumerInvalidJSON (0.00s)
PASS
ok  	github.com/MadAppGang/dingo/pkg/sourcemap	(cached)
--- FAIL: TestGoldenFiles (0.37s)
--- FAIL: TestGoldenFilesCompilation (0.04s)
--- FAIL: TestIntegrationPhase2EndToEnd (1.12s)
--- FAIL: TestIntegrationPhase4EndToEnd (0.00s)
FAIL
FAIL	github.com/MadAppGang/dingo/tests	2.473s
FAIL
ok  	github.com/MadAppGang/dingo/pkg/config	0.399s
ok  	github.com/MadAppGang/dingo/pkg/errors	(cached)
ok  	github.com/MadAppGang/dingo/pkg/generator	0.793s
ok  	github.com/MadAppGang/dingo/pkg/lsp	3.874s
FAIL
FAIL	github.com/MadAppGang/dingo/pkg/parser	1.062s
ok  	github.com/MadAppGang/dingo/pkg/plugin	2.011s
ok  	github.com/MadAppGang/dingo/pkg/plugin/builtin	1.474s
FAIL
FAIL	github.com/MadAppGang/dingo/pkg/preprocessor	1.630s
ok  	github.com/MadAppGang/dingo/pkg/sourcemap	(cached)
FAIL
FAIL	github.com/MadAppGang/dingo/tests	2.697s
FAIL
